C51 COMPILER V9.54   MAIN                                                                  06/18/2023 18:18:51 PAGE 1   


C51 COMPILER V9.54, COMPILATION OF MODULE MAIN
OBJECT MODULE PLACED IN .\Objects\main.obj
COMPILER INVOKED BY: D:\keil5\C51\BIN\C51.EXE main.c OPTIMIZE(8,SPEED) BROWSE DEBUG OBJECTEXTEND PRINT(.\Listings\main.l
                    -st) TABS(2) OBJECT(.\Objects\main.obj)

line level    source

   1          #include <REGX52.H>
   2          
   3          void Delay1ms(unsigned int n)   //@12.000MHz
   4          {
   5   1        unsigned char i, j;
   6   1      
   7   1        
   8   1        while(n)//定义一个n，写一个n毫秒的函数1
   9   1        {
  10   2          i = 2;
  11   2          j = 239;//必须在while循环之内，不然只能循环一次
  12   2            do
  13   2          {
  14   3            while (--j);
  15   3          } while (--i);
  16   2          n--;
  17   2        }
  18   1      }
  19          
  20          void main()
  21          {
  22   1        while(1)
  23   1        {
  24   2          P2=0xFE;//1111 1110
  25   2          Delay1ms(1000);//这样就可以随随便便定义延迟时间了
  26   2          P2=0xFD;//1111 1101
  27   2          Delay1ms(1000);
  28   2          P2=0xFB;//1111 1011
  29   2          Delay1ms(100);
  30   2          P2=0xF7;//1111 0111
  31   2          Delay1ms(100);
  32   2          P2=0xEF;//1110 1111
  33   2          Delay1ms(100);
  34   2          P2=0xDF;//1101 1111
  35   2          Delay1ms(100);
  36   2          P2=0xBF;//1011 1111
  37   2          Delay1ms(100);
  38   2          P2=0x7F;//0111 1111
  39   2          Delay1ms(100);
  40   2        }
  41   1        
  42   1        
  43   1      }


MODULE INFORMATION:   STATIC OVERLAYABLE
   CODE SIZE        =     82    ----
   CONSTANT SIZE    =   ----    ----
   XDATA SIZE       =   ----    ----
   PDATA SIZE       =   ----    ----
   DATA SIZE        =   ----    ----
   IDATA SIZE       =   ----    ----
   BIT SIZE         =   ----    ----
END OF MODULE INFORMATION.

C51 COMPILER V9.54   MAIN                                                                  06/18/2023 18:18:51 PAGE 2   


C51 COMPILATION COMPLETE.  0 WARNING(S),  0 ERROR(S)
