C51 COMPILER V9.54   MAIN                                                                  06/19/2023 20:52:09 PAGE 1   


C51 COMPILER V9.54, COMPILATION OF MODULE MAIN
OBJECT MODULE PLACED IN .\Objects\main.obj
COMPILER INVOKED BY: D:\keil5\C51\BIN\C51.EXE main.c OPTIMIZE(8,SPEED) BROWSE DEBUG OBJECTEXTEND PRINT(.\Listings\main.l
                    -st) TABS(2) OBJECT(.\Objects\main.obj)

line level    source

   1          #include <REGX52.H>
   2          
   3          unsigned char NixieTable[]={0x3F,0x06,0x5B,0x4F,0x66,0x6D,0x7D,0x07,0x7F,0x6F,0x79,0x76,0x38};
   4          void Nixie(unsigned char Location,Number)
   5          {
   6   1        switch(Location)//想要控制的位置，第几个数码管
   7   1        {
   8   2          case 1:
   9   2            P2_4=1;P2_3=1;P2_2=1;break;
  10   2          case 2:
  11   2            P2_4=1;P2_3=1;P2_2=0;break;
  12   2          case 3:
  13   2            P2_4=1;P2_3=0;P2_2=1;break;
  14   2          case 4:
  15   2            P2_4=1;P2_3=0;P2_2=0;break;
  16   2          case 5:
  17   2            P2_4=0;P2_3=1;P2_2=1;break;
  18   2          case 6:
  19   2            P2_4=0;P2_3=1;P2_2=0;break;
  20   2          case 7:
  21   2            P2_4=0;P2_3=0;P2_2=1;break;
  22   2          case 8:
  23   2            P2_4=0;P2_3=0;P2_2=0;break;
  24   2        }
  25   1        P0=NixieTable[Number];//数码管的状态，你想让他输出那个数字？
  26   1      }
  27          
  28          void Delay1ms(unsigned int n)   //@12.000MHz
  29          {
  30   1        unsigned char i, j;
  31   1        while(n)
  32   1        {
  33   2          i = 2;
  34   2          j = 239;
  35   2          do
  36   2          {
  37   3            while (--j);
  38   3          } while (--i);
  39   2          n--;
  40   2        
  41   2        }
  42   1      }
  43          
  44          void main()
  45          {
  46   1        
  47   1        while(1)
  48   1        {
  49   2          /*int i=0;
  50   2          for(i=0;i<=8;i++)//写一个for循环，一直延迟100ms输出6
  51   2          {
  52   2            Nixie(i,6);
  53   2            Delay1ms(100);
  54   2          }*/
C51 COMPILER V9.54   MAIN                                                                  06/19/2023 20:52:09 PAGE 2   

  55   2          Nixie(1,11);//H
  56   2          Delay1ms(1);
  57   2          Nixie(2,10);//E
  58   2          Delay1ms(1);
  59   2          Nixie(3,12);//1
  60   2          Delay1ms(1);
  61   2          Nixie(4,12);//1
  62   2          Delay1ms(1);
  63   2          Nixie(5,0);//0
  64   2          Delay1ms(1);//HELLLO
  65   2          
  66   2        }
  67   1        
  68   1      }


MODULE INFORMATION:   STATIC OVERLAYABLE
   CODE SIZE        =    179    ----
   CONSTANT SIZE    =   ----    ----
   XDATA SIZE       =   ----    ----
   PDATA SIZE       =   ----    ----
   DATA SIZE        =     13    ----
   IDATA SIZE       =   ----    ----
   BIT SIZE         =   ----    ----
END OF MODULE INFORMATION.


C51 COMPILATION COMPLETE.  0 WARNING(S),  0 ERROR(S)
