C51 COMPILER V9.54   MAIN                                                                  06/29/2023 10:14:23 PAGE 1   


C51 COMPILER V9.54, COMPILATION OF MODULE MAIN
OBJECT MODULE PLACED IN .\Objects\main.obj
COMPILER INVOKED BY: D:\keil5\C51\BIN\C51.EXE main.c OPTIMIZE(8,SPEED) BROWSE DEBUG OBJECTEXTEND PRINT(.\Listings\main.l
                    -st) TABS(2) OBJECT(.\Objects\main.obj)

line level    source

   1          #include <REGX52.H>
   2          #include "LCD1602.h"
   3          #include "Delay.h"
   4          #include "XPT2046.H"
   5          
   6          
   7          unsigned int ADValue;
   8          
   9          void main()
  10          {
  11   1        LCD_Init();
  12   1        LCD_ShowString(1,1,"ADJ NTC RG");
  13   1        while(1)
  14   1        {
  15   2          ADValue=XPT2046_ReadAD(XPT2046_XP_8);
  16   2          LCD_ShowNum(2,1,ADValue,3);
  17   2          ADValue=XPT2046_ReadAD(XPT2046_YP_8);
  18   2          LCD_ShowNum(2,5,ADValue,3);
  19   2          ADValue=XPT2046_ReadAD(XPT2046_VBAT_8);
  20   2          LCD_ShowNum(2,9,ADValue,3);
  21   2          Delay(500);
  22   2        }
  23   1        
  24   1      }


MODULE INFORMATION:   STATIC OVERLAYABLE
   CODE SIZE        =     94    ----
   CONSTANT SIZE    =     11    ----
   XDATA SIZE       =   ----    ----
   PDATA SIZE       =   ----    ----
   DATA SIZE        =      2    ----
   IDATA SIZE       =   ----    ----
   BIT SIZE         =   ----    ----
END OF MODULE INFORMATION.


C51 COMPILATION COMPLETE.  0 WARNING(S),  0 ERROR(S)
