C51 COMPILER V9.54   XPT2046                                                               06/29/2023 10:08:54 PAGE 1   


C51 COMPILER V9.54, COMPILATION OF MODULE XPT2046
OBJECT MODULE PLACED IN .\Objects\XPT2046.obj
COMPILER INVOKED BY: D:\keil5\C51\BIN\C51.EXE XPT2046.c OPTIMIZE(8,SPEED) BROWSE DEBUG OBJECTEXTEND PRINT(.\Listings\XPT
                    -2046.lst) TABS(2) OBJECT(.\Objects\XPT2046.obj)

line level    source

   1          #include <REGX52.H>
   2          sbit XPT2046_CS=P3^5;
   3          sbit XPT2046_DCLK=P3^6;
   4          sbit XPT2046_DIN=P3^4;
   5          sbit XPT2046_DOUT=P3^7;
   6          
   7          unsigned int XPT2046_ReadAD(unsigned char Command)
   8          {
   9   1        unsigned char i;
  10   1        unsigned int ADVAlue=0;
  11   1        XPT2046_DCLK=0;
  12   1        XPT2046_CS=0;
  13   1        
  14   1        for(i=0;i<8;i++)
  15   1        {
  16   2          XPT2046_DIN=Command&(0x80>>i);
  17   2          XPT2046_DCLK=1;
  18   2          XPT2046_DCLK=0;
  19   2        }
  20   1        for(i=0;i<16;i++)
  21   1        {
  22   2          XPT2046_DCLK=1;
  23   2          XPT2046_DCLK=0;
  24   2          if(XPT2046_DOUT){ADVAlue|=(0x8000>>i);}
  25   2        }
  26   1        XPT2046_CS=1;
  27   1        if(Command&0x08)
  28   1        {
  29   2          return ADVAlue>>8;
  30   2        }
  31   1        else{
  32   2          return ADVAlue>>4;
  33   2        }
  34   1      }


MODULE INFORMATION:   STATIC OVERLAYABLE
   CODE SIZE        =    110    ----
   CONSTANT SIZE    =   ----    ----
   XDATA SIZE       =   ----    ----
   PDATA SIZE       =   ----    ----
   DATA SIZE        =   ----       2
   IDATA SIZE       =   ----    ----
   BIT SIZE         =   ----    ----
END OF MODULE INFORMATION.


C51 COMPILATION COMPLETE.  0 WARNING(S),  0 ERROR(S)
