C51 COMPILER V9.54   MAIN                                                                  06/21/2023 16:44:44 PAGE 1   


C51 COMPILER V9.54, COMPILATION OF MODULE MAIN
OBJECT MODULE PLACED IN .\Objects\main.obj
COMPILER INVOKED BY: D:\keil5\C51\BIN\C51.EXE main.c OPTIMIZE(8,SPEED) BROWSE DEBUG OBJECTEXTEND PRINT(.\Listings\main.l
                    -st) TABS(2) OBJECT(.\Objects\main.obj)

line level    source

   1          #include <REGX52.H>
   2          #include "Delay.h"
   3          #include "LCD1602.H"
   4          #include "Timer0.h"
   5          
   6          unsigned char sec,min,hour;
   7          void main()
   8          {
   9   1        LCD_Init();
  10   1        Timer0Init();
  11   1        LCD_ShowString(1,1,"Clock:");
  12   1        //LCD_ShowString(2,3,":  :");
  13   1        
  14   1        while(1)
  15   1        {
  16   2          LCD_ShowNum(2,1,hour,2);
  17   2          LCD_ShowChar(2,3,':');//输入冒号，也可以按照Line12的代码
  18   2          LCD_ShowNum(2,4,min,2);
  19   2          LCD_ShowChar(2,6,':');
  20   2          LCD_ShowNum(2,7,sec,2);
  21   2        }
  22   1        
  23   1        
  24   1      }
  25          
  26          void Timer0_Routine() interrupt 1//中断函数
  27          {
  28   1        static unsigned int T0Count;
  29   1        TL0 &= 0x18;    //设置定时器模式
  30   1        TH0 |= 0xFC;    //设置定时器模式
  31   1        T0Count++;
  32   1        if(T0Count>=1000)
  33   1        {
  34   2          T0Count=0;
  35   2          sec++;
  36   2          if(sec>=60)
  37   2          {
  38   3            sec=0;
  39   3            min++;
  40   3            if(min>=60)
  41   3            {
  42   4              min=0;
  43   4              hour++;
  44   4              if(hour>=24)
  45   4              {
  46   5                hour=0;
  47   5              }
  48   4            }
  49   3          }
  50   2              
  51   2        }
  52   1      }


C51 COMPILER V9.54   MAIN                                                                  06/21/2023 16:44:44 PAGE 2   

MODULE INFORMATION:   STATIC OVERLAYABLE
   CODE SIZE        =    155    ----
   CONSTANT SIZE    =      7    ----
   XDATA SIZE       =   ----    ----
   PDATA SIZE       =   ----    ----
   DATA SIZE        =      5    ----
   IDATA SIZE       =   ----    ----
   BIT SIZE         =   ----    ----
END OF MODULE INFORMATION.


C51 COMPILATION COMPLETE.  0 WARNING(S),  0 ERROR(S)
