C51 COMPILER V9.54   MAIN                                                                  06/20/2023 21:55:38 PAGE 1   


C51 COMPILER V9.54, COMPILATION OF MODULE MAIN
OBJECT MODULE PLACED IN .\Objects\main.obj
COMPILER INVOKED BY: D:\keil5\C51\BIN\C51.EXE main.c OPTIMIZE(8,SPEED) BROWSE DEBUG OBJECTEXTEND PRINT(.\Listings\main.l
                    -st) TABS(2) OBJECT(.\Objects\main.obj)

line level    source

   1          #include <REGX52.H>
   2          #include "Timer0.h"
   3          #include "Key.h"
   4          #include "Delay.h"
   5          #include <INTRINS.H>
   6          
   7            
   8            
   9          unsigned char KeyNum,LEDMode;
  10          void main()
  11          {
  12   1        P2=0xFE;
  13   1        Timer0Init();
  14   1        while(1)
  15   1        {
  16   2          KeyNum=Key();
  17   2          if(KeyNum)
  18   2          {
  19   3            if(KeyNum==1)
  20   3            {
  21   4              LEDMode++;
  22   4              if(LEDMode>=2) LEDMode=0;
  23   4            }
  24   3          }
  25   2        }
  26   1        
  27   1        
  28   1      }
  29          
  30          
  31          void Timer0_Routine() interrupt 1//中断函数
  32          {
  33   1        static unsigned int T0Count;
  34   1        TL0 &= 0x18;    //设置定时器模式
  35   1        TH0 |= 0xFC;    //设置定时器模式
  36   1        T0Count++;
  37   1        if(T0Count>=500)
  38   1        {
  39   2          T0Count=0;
  40   2          if(LEDMode==0)
  41   2            P2=_crol_(P2,1);
  42   2          if(LEDMode==1)
  43   2            P2=_cror_(P2,1);
  44   2        }
  45   1      }


MODULE INFORMATION:   STATIC OVERLAYABLE
   CODE SIZE        =    116    ----
   CONSTANT SIZE    =   ----    ----
   XDATA SIZE       =   ----    ----
   PDATA SIZE       =   ----    ----
   DATA SIZE        =      4    ----
   IDATA SIZE       =   ----    ----
C51 COMPILER V9.54   MAIN                                                                  06/20/2023 21:55:38 PAGE 2   

   BIT SIZE         =   ----    ----
END OF MODULE INFORMATION.


C51 COMPILATION COMPLETE.  0 WARNING(S),  0 ERROR(S)
