C51 COMPILER V9.54   I2C                                                                   06/26/2023 12:45:19 PAGE 1   


C51 COMPILER V9.54, COMPILATION OF MODULE I2C
OBJECT MODULE PLACED IN .\Objects\I2C.obj
COMPILER INVOKED BY: D:\keil5\C51\BIN\C51.EXE I2C.c OPTIMIZE(8,SPEED) BROWSE DEBUG OBJECTEXTEND PRINT(.\Listings\I2C.lst
                    -) TABS(2) OBJECT(.\Objects\I2C.obj)

line level    source

   1          #include <REGX52.H>
   2          
   3          sbit I2C_SCL=P2^1;
   4          sbit I2C_SDA=P2^0;
   5          /**
   6            * @brief  I2C开始
   7            * @param 无
   8            * @retval 无
   9            */
  10          
  11          void I2C_Start()
  12          {
  13   1        I2C_SDA=1;
  14   1        I2C_SCL=1;
  15   1        I2C_SDA=0;
  16   1        I2C_SCL=0;
  17   1      }
  18          /**
  19            * @brief I2C停止 
  20            * @param 无
  21            * @retval 无
  22            */
  23          void I2C_Stop()
  24          {
  25   1        I2C_SDA=0;
  26   1        I2C_SCL=1;
  27   1        I2C_SDA=1;
  28   1      }
  29          /**
  30            * @brief  I2C发送一个字节
  31            * @param  Byte 要发送的字节
  32            * @retval 无
  33            */
  34          void I2C_SendByte(unsigned char Byte)
  35          {
  36   1        unsigned char i;
  37   1        for(i=0;i<8;i++)
  38   1        {
  39   2          I2C_SDA=Byte&(0x80>>i);
  40   2          I2C_SCL=1;
  41   2          I2C_SCL=0;
  42   2        }
  43   1        
  44   1        
  45   1      }
  46          
  47          /**
  48            * @brief  I2C接受一个字节
  49            * @param 无
  50            * @retval 接受地一个字节数据
  51            */
  52          unsigned char I2C_ReceiveByte()
  53          {
  54   1        unsigned char i,Byte=0x00;
C51 COMPILER V9.54   I2C                                                                   06/26/2023 12:45:19 PAGE 2   

  55   1        I2C_SDA=1;
  56   1        for(i=0;i<8;i++)
  57   1        {
  58   2          I2C_SCL=1;
  59   2        if(I2C_SDA)
  60   2        {
  61   3          Byte|=(0x80>>i);
  62   3        }
  63   2        I2C_SCL=0;
  64   2        }
  65   1        return Byte;
  66   1      }
  67          /**
  68            * @brief  I2C发送应答
  69            * @param AckBit应答位，0为应答，1为非应答
  70            * @retval 无
  71            */
  72          void I2C_SendAck(unsigned char AckBit )//bit位宽为1位，特有的变量
  73          {
  74   1        I2C_SDA=AckBit;
  75   1        I2C_SCL=1;
  76   1        I2C_SCL=0;
  77   1      
  78   1      }
  79          
  80          /**
  81            * @brief  I2C接收应答位
  82            * @param 无
  83            * @retval 接收到的应答位，0为接收到，1为没接收到
  84            */
  85          unsigned char I2C_ReceiveAck()
  86          {
  87   1        unsigned char AckBit;
  88   1        I2C_SDA=1;
  89   1        I2C_SCL=1;
  90   1        AckBit=I2C_SDA;
  91   1        I2C_SCL=0;
  92   1        return AckBit;
  93   1      }


MODULE INFORMATION:   STATIC OVERLAYABLE
   CODE SIZE        =    109    ----
   CONSTANT SIZE    =   ----    ----
   XDATA SIZE       =   ----    ----
   PDATA SIZE       =   ----    ----
   DATA SIZE        =   ----    ----
   IDATA SIZE       =   ----    ----
   BIT SIZE         =   ----    ----
END OF MODULE INFORMATION.


C51 COMPILATION COMPLETE.  0 WARNING(S),  0 ERROR(S)
