C51 COMPILER V9.54   KEY                                                                   06/26/2023 12:25:05 PAGE 1   


C51 COMPILER V9.54, COMPILATION OF MODULE KEY
OBJECT MODULE PLACED IN .\Objects\Key.obj
COMPILER INVOKED BY: D:\keil5\C51\BIN\C51.EXE Key.c OPTIMIZE(8,SPEED) BROWSE DEBUG OBJECTEXTEND PRINT(.\Listings\Key.lst
                    -) TABS(2) OBJECT(.\Objects\Key.obj)

line level    source

   1          #include <REGX52.H>
   2          #include "Delay.h"
   3          
   4          unsigned char Key_KeyNum;
   5          
   6          unsigned char Key()
   7          {
   8   1        unsigned char Temp=0;
   9   1        Temp=Key_KeyNum;
  10   1        Key_KeyNum=0;
  11   1        return Temp;
  12   1        
  13   1      }
  14          
  15          
  16          unsigned char Key_GetState()
  17          {
  18   1        
  19   1        unsigned  char KeyNumber=0;
  20   1        if(P3_1==0){KeyNumber=1;}
  21   1        if(P3_0==0){KeyNumber=2;}
  22   1        if(P3_2==0){KeyNumber=3;}
  23   1        if(P3_3==0){KeyNumber=4;}
  24   1          return KeyNumber;
  25   1      }
  26          
  27          
  28          void Key_Loop(void)
  29          {
  30   1        static unsigned char NowState,LastState;
  31   1        LastState=NowState;
  32   1        NowState=Key_GetState();
  33   1        if(LastState==1&&NowState==0)
  34   1        {
  35   2          Key_KeyNum=1;
  36   2        }
  37   1        if(LastState==2&&NowState==0)
  38   1        {
  39   2          Key_KeyNum=2;
  40   2        }
  41   1        if(LastState==3&&NowState==0)
  42   1        {
  43   2          Key_KeyNum=3;
  44   2        }
  45   1        if(LastState==4&&NowState==0)
  46   1        {
  47   2          Key_KeyNum=4;
  48   2        }
  49   1      }


MODULE INFORMATION:   STATIC OVERLAYABLE
   CODE SIZE        =     85    ----
   CONSTANT SIZE    =   ----    ----
C51 COMPILER V9.54   KEY                                                                   06/26/2023 12:25:05 PAGE 2   

   XDATA SIZE       =   ----    ----
   PDATA SIZE       =   ----    ----
   DATA SIZE        =      3    ----
   IDATA SIZE       =   ----    ----
   BIT SIZE         =   ----    ----
END OF MODULE INFORMATION.


C51 COMPILATION COMPLETE.  0 WARNING(S),  0 ERROR(S)
