C51 COMPILER V9.54   MAIN                                                                  06/18/2023 21:56:10 PAGE 1   


C51 COMPILER V9.54, COMPILATION OF MODULE MAIN
OBJECT MODULE PLACED IN .\Objects\main.obj
COMPILER INVOKED BY: D:\keil5\C51\BIN\C51.EXE main.c OPTIMIZE(8,SPEED) BROWSE DEBUG OBJECTEXTEND PRINT(.\Listings\main.l
                    -st) TABS(2) OBJECT(.\Objects\main.obj)

line level    source

   1          #include <REGX52.H>
   2          
   3          unsigned char LEDNum=0;
   4          
   5          void Delay(unsigned int n)    //@12.000MHz
   6          {
   7   1        unsigned char i, j;
   8   1        while(n)
   9   1        {
  10   2          i = 2;
  11   2          j = 239;
  12   2          do
  13   2          {
  14   3            while (--j);
  15   3          } while (--i);
  16   2          n--;
  17   2        }
  18   1      }
  19          
  20          
  21          void main()
  22          {
  23   1        P2=~0x01;//初始化一下
  24   1        while(1)
  25   1        {
  26   2          if(P3_1==0)
  27   2          {
  28   3            Delay(20);
  29   3            while(P3_1==0);
  30   3            Delay(20);
  31   3            LEDNum++;
  32   3            if(LEDNum>=8)
  33   3                LEDNum=0;
  34   3            P2=~(0x01<<LEDNum);
  35   3          }
  36   2          if(P3_0==0)
  37   2            {
  38   3            Delay(20);
  39   3            while(P3_0==0);
  40   3            Delay(20);
  41   3            if(LEDNum==0)
  42   3              LEDNum=7;
  43   3            else
  44   3              LEDNum--;
  45   3            
  46   3            
  47   3            P2=~(0x01<<LEDNum);
  48   3          }
  49   2        }
  50   1        
  51   1        
  52   1      }


C51 COMPILER V9.54   MAIN                                                                  06/18/2023 21:56:10 PAGE 2   

MODULE INFORMATION:   STATIC OVERLAYABLE
   CODE SIZE        =    108    ----
   CONSTANT SIZE    =   ----    ----
   XDATA SIZE       =   ----    ----
   PDATA SIZE       =   ----    ----
   DATA SIZE        =      1    ----
   IDATA SIZE       =   ----    ----
   BIT SIZE         =   ----    ----
END OF MODULE INFORMATION.


C51 COMPILATION COMPLETE.  0 WARNING(S),  0 ERROR(S)
