C51 COMPILER V9.54   BUZZER                                                                06/24/2023 11:43:25 PAGE 1   


C51 COMPILER V9.54, COMPILATION OF MODULE BUZZER
OBJECT MODULE PLACED IN .\Objects\Buzzer.obj
COMPILER INVOKED BY: D:\keil5\C51\BIN\C51.EXE Buzzer.c OPTIMIZE(8,SPEED) BROWSE DEBUG OBJECTEXTEND PRINT(.\Listings\Buzz
                    -er.lst) TABS(2) OBJECT(.\Objects\Buzzer.obj)

line level    source

   1          #include <REGX52.H>
   2          #include "Delay.h"
   3          #include "Key.h"
   4          #include "Nixie.h"
   5          #include "INTRINS.h"
   6          //蜂鸣器端口，普中的板子是P25口
   7          sbit Buzzer=P2^5;
   8          
   9          /**
  10            * @brief  蜂鸣器私有延时函数，延时500US
  11            * @param 无
  12            * @retval 无
  13            */
  14          void Buzzer_Delay500us()    //@11.0592MHz
  15          {
  16   1        unsigned char i;
  17   1      
  18   1        _nop_();
  19   1        i = 227;
  20   1        while (--i);
  21   1      }
  22          
  23          /**
  24            * @brief  蜂鸣器发声
  25            * @param  ms发声的时长
  26            * @retval 无
  27            */
  28          void Buzzer_Time(unsigned int ms)
  29          {
  30   1        unsigned int i;
  31   1        for(i=0;i<ms*2;i++)
  32   1        {
  33   2            Buzzer=!Buzzer;
  34   2            Buzzer_Delay500us();
  35   2        }
  36   1      }
  37          
  38          


MODULE INFORMATION:   STATIC OVERLAYABLE
   CODE SIZE        =     40    ----
   CONSTANT SIZE    =   ----    ----
   XDATA SIZE       =   ----    ----
   PDATA SIZE       =   ----    ----
   DATA SIZE        =   ----    ----
   IDATA SIZE       =   ----    ----
   BIT SIZE         =   ----    ----
END OF MODULE INFORMATION.


C51 COMPILATION COMPLETE.  0 WARNING(S),  0 ERROR(S)
