C51 COMPILER V9.54   MAIN                                                                  06/23/2023 18:15:22 PAGE 1   


C51 COMPILER V9.54, COMPILATION OF MODULE MAIN
OBJECT MODULE PLACED IN .\Objects\main.obj
COMPILER INVOKED BY: D:\keil5\C51\BIN\C51.EXE main.c OPTIMIZE(8,SPEED) BROWSE DEBUG OBJECTEXTEND PRINT(.\Listings\main.l
                    -st) TABS(2) OBJECT(.\Objects\main.obj)

line level    source

   1          #include <REGX52.H>
   2          #include "LCD1602.h"
   3          #include "DS1302.h"
   4          #include "Timer0.h"
   5          #include "Key.h"
   6          
   7          unsigned char KeyNum,MODE,TimeSetSelect,TimeSetFlashFlag;
   8          unsigned char second,minute,hour;
   9          void TimeShow()
  10          {
  11   1          DS1302_ReadTime();
  12   1          LCD_ShowNum(1,1,DS1302_Time[0],2);
  13   1          LCD_ShowNum(1,4,DS1302_Time[1],2);
  14   1          LCD_ShowNum(1,7,DS1302_Time[2],2);
  15   1          LCD_ShowNum(2,1,DS1302_Time[3],2);
  16   1          LCD_ShowNum(2,4,DS1302_Time[4],2);
  17   1          LCD_ShowNum(2,7,DS1302_Time[5],2);
  18   1          LCD_ShowNum(2,15,DS1302_Time[6],2);
  19   1      }
  20          void TimeSet()
  21          {
  22   1          if(KeyNum==2)
  23   1          {
  24   2            TimeSetSelect++;
  25   2            TimeSetSelect%=6;
  26   2          }
  27   1          if(KeyNum==3)
  28   1          {
  29   2            DS1302_Time[TimeSetSelect]++;
  30   2            if(DS1302_Time[0]>99){DS1302_Time[0]=0;}
  31   2            if(DS1302_Time[1]>12){DS1302_Time[1]=1;}
  32   2            if(DS1302_Time[1]==1||DS1302_Time[1]==3||DS1302_Time[1]==5||DS1302_Time[1]==7||DS1302_Time[1]==8||DS130
             -2_Time[1]==10||DS1302_Time[1]==12)
  33   2            {
  34   3              if(DS1302_Time[2]>31){DS1302_Time[2]=1;}
  35   3            }
  36   2            else if(DS1302_Time[1]==4||DS1302_Time[1]==6||DS1302_Time[1]==9||DS1302_Time[1]==11)
  37   2            {
  38   3              if(DS1302_Time[2]>30){DS1302_Time[2]=1;}
  39   3            }
  40   2            else if(DS1302_Time[1]==2)
  41   2            {
  42   3              if(DS1302_Time[0]%4==0)
  43   3              {
  44   4                if(DS1302_Time[2]>29){DS1302_Time[2]=1;}
  45   4              }
  46   3              else
  47   3              {
  48   4                if(DS1302_Time[2]>28){DS1302_Time[2]=1;}
  49   4              }
  50   3              
  51   3            }
  52   2            if(DS1302_Time[3]>23){DS1302_Time[3]=0;}
  53   2            if(DS1302_Time[4]>59){DS1302_Time[4]=0;}
C51 COMPILER V9.54   MAIN                                                                  06/23/2023 18:15:22 PAGE 2   

  54   2            if(DS1302_Time[5]>59){DS1302_Time[5]=0;}
  55   2          }
  56   1          if(KeyNum==4)
  57   1          {
  58   2            DS1302_Time[TimeSetSelect]--;
  59   2            if(DS1302_Time[0]<0){DS1302_Time[0]=99;}
  60   2            if(DS1302_Time[1]<1){DS1302_Time[1]=12;}
  61   2            if(DS1302_Time[1]==1||DS1302_Time[1]==3||DS1302_Time[1]==5||DS1302_Time[1]==7||DS1302_Time[1]==8||DS130
             -2_Time[1]==10||DS1302_Time[1]==12)
  62   2            {
  63   3              if(DS1302_Time[2]<1){DS1302_Time[2]=31;}
  64   3              if(DS1302_Time[2]>31){DS1302_Time[2]=1;}
  65   3            }
  66   2            else if(DS1302_Time[1]==4||DS1302_Time[1]==6||DS1302_Time[1]==9||DS1302_Time[1]==11)
  67   2            {
  68   3              if(DS1302_Time[2]<1){DS1302_Time[2]=30;}
  69   3              if(DS1302_Time[2]>30){DS1302_Time[2]=1;}
  70   3            }
  71   2            else if(DS1302_Time[1]==2)
  72   2            {
  73   3              if(DS1302_Time[0]%4==0)
  74   3              {
  75   4                if(DS1302_Time[2]<1){DS1302_Time[2]=29;}
  76   4                  if(DS1302_Time[2]>29){DS1302_Time[2]=1;}
  77   4              }
  78   3              else
  79   3              {
  80   4                if(DS1302_Time[2]<1){DS1302_Time[2]=28;}
  81   4                if(DS1302_Time[2]>28){DS1302_Time[2]=1;}
  82   4              }
  83   3              
  84   3            }
  85   2            if(DS1302_Time[3]<0){DS1302_Time[3]=23;}
  86   2            if(DS1302_Time[4]<0){DS1302_Time[4]=59;}
  87   2            if(DS1302_Time[5]<0){DS1302_Time[5]=59;}
  88   2          }
  89   1            if(TimeSetSelect==0 && TimeSetFlashFlag==1){LCD_ShowString(1,1,"  ");}
  90   1        else {LCD_ShowNum(1,1,DS1302_Time[0],2);}
  91   1        if(TimeSetSelect==1 && TimeSetFlashFlag==1){LCD_ShowString(1,4,"  ");}
  92   1        else {LCD_ShowNum(1,4,DS1302_Time[1],2);}
  93   1        if(TimeSetSelect==2 && TimeSetFlashFlag==1){LCD_ShowString(1,7,"  ");}
  94   1        else {LCD_ShowNum(1,7,DS1302_Time[2],2);}
  95   1        if(TimeSetSelect==3 && TimeSetFlashFlag==1){LCD_ShowString(2,1,"  ");}
  96   1        else {LCD_ShowNum(2,1,DS1302_Time[3],2);}
  97   1        if(TimeSetSelect==4 && TimeSetFlashFlag==1){LCD_ShowString(2,4,"  ");}
  98   1        else {LCD_ShowNum(2,4,DS1302_Time[4],2);}
  99   1        if(TimeSetSelect==5 && TimeSetFlashFlag==1){LCD_ShowString(2,7,"  ");}
 100   1        else {LCD_ShowNum(2,7,DS1302_Time[5],2);}
 101   1      }
 102          void main()
 103          {
 104   1        LCD_Init();
 105   1        DS1302_Init();
 106   1        Timer0Init();
 107   1      
 108   1        //DS1302_WriteByte(0x8E,0x00);//解除芯片写入保护
 109   1        LCD_ShowString(1,1,"  -  -");
 110   1        LCD_ShowString(2,1,"  :  :");
 111   1        LCD_ShowString(2,11,"DAY:");
 112   1        DS1302_SetTime();
 113   1        while(1)
 114   1        {
C51 COMPILER V9.54   MAIN                                                                  06/23/2023 18:15:22 PAGE 3   

 115   2          KeyNum=Key();
 116   2          if(KeyNum==1)
 117   2          {
 118   3            if(MODE==0){MODE=1;TimeSetSelect=0;}
 119   3            else if(MODE==1) {MODE=0;DS1302_SetTime();}
 120   3          }
 121   2          switch(MODE)
 122   2          {
 123   3            case 0:TimeShow();break;
 124   3            case 1:TimeSet();break;
 125   3          }
 126   2        } 
 127   1      }
 128          
 129          void Timer0_Routine() interrupt 1
 130          {
 131   1        static unsigned int T0Count;
 132   1        TL0 = 0x18;   
 133   1        TH0 = 0xFC;   
 134   1        T0Count++;
 135   1        if(T0Count>=500)
 136   1        {
 137   2          T0Count=0;
 138   2          TimeSetFlashFlag=!TimeSetFlashFlag;
 139   2        }
 140   1      }


MODULE INFORMATION:   STATIC OVERLAYABLE
   CODE SIZE        =    999    ----
   CONSTANT SIZE    =     22    ----
   XDATA SIZE       =   ----    ----
   PDATA SIZE       =   ----    ----
   DATA SIZE        =      9    ----
   IDATA SIZE       =   ----    ----
   BIT SIZE         =   ----    ----
END OF MODULE INFORMATION.


C51 COMPILATION COMPLETE.  0 WARNING(S),  0 ERROR(S)
