C51 COMPILER V9.54   MAIN                                                                  06/29/2023 16:38:42 PAGE 1   


C51 COMPILER V9.54, COMPILATION OF MODULE MAIN
OBJECT MODULE PLACED IN .\Objects\main.obj
COMPILER INVOKED BY: D:\keil5\C51\BIN\C51.EXE main.c OPTIMIZE(8,SPEED) BROWSE DEBUG OBJECTEXTEND PRINT(.\Listings\main.l
                    -st) TABS(2) OBJECT(.\Objects\main.obj)

line level    source

   1          #include <REGX52.H>
   2          #include "LCD1602.h"
   3          #include "Delay.h"
   4          #include "Int0.h"
   5          #include "Timer0.h"
   6          #include "IR.h"
   7          
   8          unsigned char Num,Address,Command;
   9          unsigned int Time;
  10          
  11          void main()
  12          {
  13   1        LCD_Init();
  14   1        LCD_ShowString(1,1,"ADDR  CMD  NUM");
  15   1        
  16   1        IR_Init();
  17   1        
  18   1        while(1)
  19   1        {
  20   2          if(IR_GetDataFlag()||IR_GetRepeatFlag())
  21   2          {
  22   3            Address=IR_GetAddress();
  23   3            Command=IR_GetCommand();
  24   3            
  25   3            LCD_ShowHexNum(2,2,Address,2);
  26   3            LCD_ShowHexNum(2,8,Command,2);
  27   3            if(Command==0x15)
  28   3            {
  29   4              Num--;
  30   4            }
  31   3            if(Command==0x09)
  32   3            {
  33   4              Num++;
  34   4            }
  35   3            LCD_ShowNum(2,12,Num,3);
  36   3          }
  37   2        }
  38   1        
  39   1        
  40   1      }
  41          


MODULE INFORMATION:   STATIC OVERLAYABLE
   CODE SIZE        =    102    ----
   CONSTANT SIZE    =     15    ----
   XDATA SIZE       =   ----    ----
   PDATA SIZE       =   ----    ----
   DATA SIZE        =      5    ----
   IDATA SIZE       =   ----    ----
   BIT SIZE         =   ----    ----
END OF MODULE INFORMATION.


C51 COMPILATION COMPLETE.  0 WARNING(S),  0 ERROR(S)
