C51 COMPILER V9.54   DS1302                                                                06/23/2023 12:27:05 PAGE 1   


C51 COMPILER V9.54, COMPILATION OF MODULE DS1302
OBJECT MODULE PLACED IN .\Objects\DS1302.obj
COMPILER INVOKED BY: D:\keil5\C51\BIN\C51.EXE DS1302.c OPTIMIZE(8,SPEED) BROWSE DEBUG OBJECTEXTEND PRINT(.\Listings\DS13
                    -02.lst) TABS(2) OBJECT(.\Objects\DS1302.obj)

line level    source

   1          #include <REGX52.H>
   2          
   3          sbit DS1302_SCLK=P3^6;
   4          sbit DS1302_IO=P3^4;
   5          sbit DS1302_CE=P3^5;
   6          #define DS1302_SECOND     0x80
   7          #define DS1302_MINUTE     0x82
   8          #define DS1302_HOUR       0x84
   9          #define DS1302_DATE       0x86
  10          #define DS1302_MONTH      0x88
  11          #define DS1302_DAY        0x8A
  12          #define DS1302_YEAR       0x8C
  13          #define DS1302_WP         0x8E
  14          
  15          
  16          unsigned char DS1302_Time[]={23,6,23,12,30,00,5};
  17          
  18          void DS1302_Init(void)
  19          {
  20   1        DS1302_CE=0;
  21   1        DS1302_SCLK=0;
  22   1      }
  23          void DS1302_WriteByte(unsigned char Command,Data)
  24          {
  25   1        unsigned char i;
  26   1        DS1302_CE=1;
  27   1        
  28   1        for(i=0;i<8;i++)
  29   1        {
  30   2          DS1302_IO=Command&(0x01<<i);//取第i位
  31   2          DS1302_SCLK=1;
  32   2          DS1302_SCLK=0;//单片机比较慢，这里不需要延时
  33   2        }
  34   1        
  35   1          for(i=0;i<8;i++)
  36   1        {
  37   2          DS1302_IO=Data&(0x01<<i);//取第i位
  38   2          DS1302_SCLK=1;
  39   2          DS1302_SCLK=0;//单片机比较慢，这里不需要延时
  40   2        }
  41   1        DS1302_CE=0;
  42   1        
  43   1      }
  44          unsigned char DS1302_ReadByte(unsigned char Command)
  45          {
  46   1        unsigned char i,Data=0x00;
  47   1        Command|=0x01;
  48   1        DS1302_CE=1;
  49   1        for(i=0;i<8;i++)
  50   1        {
  51   2          DS1302_IO=Command&(0x01<<i);//取第i位
  52   2          DS1302_SCLK=0;
  53   2          DS1302_SCLK=1;//单片机比较慢，这里不需要延时
  54   2        }
C51 COMPILER V9.54   DS1302                                                                06/23/2023 12:27:05 PAGE 2   

  55   1        for(i=0;i<8;i++)
  56   1        {
  57   2          DS1302_SCLK=1;
  58   2          DS1302_SCLK=0;
  59   2          if(DS1302_IO) {Data|=0x01<<i;}
  60   2        }
  61   1          DS1302_CE=0;
  62   1          DS1302_IO=0;
  63   1          return Data;
  64   1      } 
  65          
  66          void DS1302_SetTime()
  67          {
  68   1        DS1302_WriteByte(DS1302_WP,0x00);//关闭写保护
  69   1        DS1302_WriteByte(DS1302_YEAR,DS1302_Time[0]/10*16+DS1302_Time[0]%10);
  70   1        DS1302_WriteByte(DS1302_MONTH,DS1302_Time[1]/10*16+DS1302_Time[1]%10);
  71   1        DS1302_WriteByte(DS1302_DATE,DS1302_Time[2]/10*16+DS1302_Time[2]%10);
  72   1        DS1302_WriteByte(DS1302_HOUR,DS1302_Time[3]/10*16+DS1302_Time[3]%10);
  73   1        DS1302_WriteByte(DS1302_MINUTE,DS1302_Time[4]/10*16+DS1302_Time[4]%10);
  74   1        DS1302_WriteByte(DS1302_SECOND,DS1302_Time[5]/10*16+DS1302_Time[5]%10);
  75   1        DS1302_WriteByte(DS1302_DAY,DS1302_Time[6]/10*16+DS1302_Time[6]%10);  
  76   1        DS1302_WriteByte(DS1302_WP,0x80);//打开写保护 
  77   1      }
  78          
  79          void DS1302_ReadTime()
  80          {
  81   1        unsigned char Temp;
  82   1        Temp=DS1302_ReadByte(DS1302_YEAR);
  83   1        DS1302_Time[0]=Temp/16*10+Temp%16;
  84   1        Temp=DS1302_ReadByte(DS1302_MONTH);
  85   1        DS1302_Time[1]=Temp/16*10+Temp%16;
  86   1        Temp=DS1302_ReadByte(DS1302_DATE);
  87   1        DS1302_Time[2]=Temp/16*10+Temp%16;
  88   1        Temp=DS1302_ReadByte(DS1302_HOUR);
  89   1        DS1302_Time[3]=Temp/16*10+Temp%16;
  90   1        Temp=DS1302_ReadByte(DS1302_MINUTE);
  91   1        DS1302_Time[4]=Temp/16*10+Temp%16;
  92   1        Temp=DS1302_ReadByte(DS1302_SECOND);
  93   1        DS1302_Time[5]=Temp/16*10+Temp%16;
  94   1        Temp=DS1302_ReadByte(DS1302_DAY);
  95   1        DS1302_Time[6]=Temp/16*10+Temp%16;
  96   1        
  97   1        
  98   1      }


MODULE INFORMATION:   STATIC OVERLAYABLE
   CODE SIZE        =    551    ----
   CONSTANT SIZE    =   ----    ----
   XDATA SIZE       =   ----    ----
   PDATA SIZE       =   ----    ----
   DATA SIZE        =      7       2
   IDATA SIZE       =   ----    ----
   BIT SIZE         =   ----    ----
END OF MODULE INFORMATION.


C51 COMPILATION COMPLETE.  0 WARNING(S),  0 ERROR(S)
