C51 COMPILER V9.54   MAIN                                                                  06/21/2023 20:59:06 PAGE 1   


C51 COMPILER V9.54, COMPILATION OF MODULE MAIN
OBJECT MODULE PLACED IN .\Objects\main.obj
COMPILER INVOKED BY: D:\keil5\C51\BIN\C51.EXE main.c OPTIMIZE(8,SPEED) BROWSE DEBUG OBJECTEXTEND PRINT(.\Listings\main.l
                    -st) TABS(2) OBJECT(.\Objects\main.obj)

line level    source

   1          #include <REGX52.H>
   2          #include "Delay.h"
   3          #include "UART.h"
*** WARNING C315 IN LINE 2 OF UART.h: unknown #directive 'def'
   4          
   5          unsigned char sec=0;
   6          
   7          
   8          void main()
   9          {
  10   1        UART_Init();
  11   1      
  12   1        while(1)
  13   1        {
  14   2          UART_SendByte(sec);
  15   2          sec++;
  16   2          Delay(500);
  17   2        }
  18   1        
  19   1      }


MODULE INFORMATION:   STATIC OVERLAYABLE
   CODE SIZE        =     19    ----
   CONSTANT SIZE    =   ----    ----
   XDATA SIZE       =   ----    ----
   PDATA SIZE       =   ----    ----
   DATA SIZE        =      1    ----
   IDATA SIZE       =   ----    ----
   BIT SIZE         =   ----    ----
END OF MODULE INFORMATION.


C51 COMPILATION COMPLETE.  1 WARNING(S),  0 ERROR(S)
