C51 COMPILER V9.54   UART                                                                  06/21/2023 21:01:17 PAGE 1   


C51 COMPILER V9.54, COMPILATION OF MODULE UART
OBJECT MODULE PLACED IN .\Objects\UART.obj
COMPILER INVOKED BY: D:\keil5\C51\BIN\C51.EXE UART.c OPTIMIZE(8,SPEED) BROWSE DEBUG OBJECTEXTEND PRINT(.\Listings\UART.l
                    -st) TABS(2) OBJECT(.\Objects\UART.obj)

line level    source

   1          #include <REGX52.H>
   2          
   3          /**
   4            * @brief 串口初始化 4800bps@11.0592MHz
   5            * @param 无
   6            * @retval 无
   7            */
   8          void UART_Init()//4800bps@11.0592MHz
   9          {
  10   1        SCON=0x50;
  11   1        PCON |=0x80;
  12   1        TMOD &= 0x0F;   //设置定时器模式
  13   1        TMOD |= 0x20;   //设置定时器模式
  14   1        TL1 = 0xF4;   //设置定时初值
  15   1        TH1 = 0xF4;   //设置定时器重装值
  16   1        ET1 = 0;    //禁止定时器1中断
  17   1        TR1 = 1;    //启动定时器1
  18   1      
  19   1      }
  20          
  21          /**
  22            * @brief 串口发送一个字节数字 4800bps@11.0592MHz
  23            * @param 无
  24            * @retval 无
  25            */
  26          void UART_SendByte(unsigned char Byte)
  27          {
  28   1        SBUF=Byte;
  29   1        while(TI==0);
  30   1          TI=0;
  31   1      }


MODULE INFORMATION:   STATIC OVERLAYABLE
   CODE SIZE        =     31    ----
   CONSTANT SIZE    =   ----    ----
   XDATA SIZE       =   ----    ----
   PDATA SIZE       =   ----    ----
   DATA SIZE        =   ----    ----
   IDATA SIZE       =   ----    ----
   BIT SIZE         =   ----    ----
END OF MODULE INFORMATION.


C51 COMPILATION COMPLETE.  0 WARNING(S),  0 ERROR(S)
