C51 COMPILER V9.54   MAIN                                                                  06/29/2023 11:03:14 PAGE 1   


C51 COMPILER V9.54, COMPILATION OF MODULE MAIN
OBJECT MODULE PLACED IN .\Objects\main.obj
COMPILER INVOKED BY: D:\keil5\C51\BIN\C51.EXE main.c OPTIMIZE(8,SPEED) BROWSE DEBUG OBJECTEXTEND PRINT(.\Listings\main.l
                    -st) TABS(2) OBJECT(.\Objects\main.obj)

line level    source

   1          #include <REGX52.H>
   2          #include "Delay.h"
   3          #include "Key.h"
   4          #include "Timer0.h"
   5          #include "Nixie.h"
   6          
   7          sbit DA=P2^1;
   8          
   9          unsigned char Counter,Compare;
  10          unsigned char i;
  11          
  12          void main()
  13          {
  14   1        Timer0_Init();
  15   1        while(1)
  16   1        {
  17   2          for(i=0;i<100;i++)
  18   2          {
  19   3            Compare=i;
  20   3            Delay(10);
  21   3          }
  22   2            for(i=100;i>0;i--)
  23   2          {
  24   3            Compare=i;
  25   3            Delay(10);
  26   3          }
  27   2          
  28   2          
  29   2        }
  30   1        
  31   1        
  32   1      }
  33          
  34          
  35          void Timer0_Routine() interrupt 1//中断函数
  36          {
  37   1        TL0 = 0x9C;   //设置定时初值
  38   1        TH0 = 0xFF;   //设置定时初值
  39   1        Counter++;
  40   1        Counter%=100;
  41   1        if(Counter<Compare)
  42   1        {
  43   2          DA=1;
  44   2        }
  45   1        else{
  46   2          DA=0;
  47   2        }
  48   1      }


MODULE INFORMATION:   STATIC OVERLAYABLE
   CODE SIZE        =     92    ----
   CONSTANT SIZE    =   ----    ----
   XDATA SIZE       =   ----    ----
C51 COMPILER V9.54   MAIN                                                                  06/29/2023 11:03:14 PAGE 2   

   PDATA SIZE       =   ----    ----
   DATA SIZE        =      3    ----
   IDATA SIZE       =   ----    ----
   BIT SIZE         =   ----    ----
END OF MODULE INFORMATION.


C51 COMPILATION COMPLETE.  0 WARNING(S),  0 ERROR(S)
