C51 COMPILER V9.54   NIXIE                                                                 06/28/2023 17:35:55 PAGE 1   


C51 COMPILER V9.54, COMPILATION OF MODULE NIXIE
OBJECT MODULE PLACED IN .\Objects\Nixie.obj
COMPILER INVOKED BY: D:\keil5\C51\BIN\C51.EXE Nixie.c OPTIMIZE(8,SPEED) BROWSE DEBUG OBJECTEXTEND PRINT(.\Listings\Nixie
                    -.lst) TABS(2) OBJECT(.\Objects\Nixie.obj)

line level    source

   1          #include <REGX52.H>
   2          #include "Delay.h"
   3          
   4          
   5          unsigned char NixieTable[]={0x3F,0x06,0x5B,0x4F,0x66,0x6D,0x7D,0x07,0x7F,0x6F,0x79,0x76,0x38};//,E,H,L
   6          void Nixie(unsigned char Location,Number)
   7          {
   8   1        switch(Location)//想要控制的位置，第几个数码管
   9   1        {
  10   2          case 1:
  11   2            P2_4=1;P2_3=1;P2_2=1;break;
  12   2          case 2:
  13   2            P2_4=1;P2_3=1;P2_2=0;break;
  14   2          case 3:
  15   2            P2_4=1;P2_3=0;P2_2=1;break;
  16   2          case 4:
  17   2            P2_4=1;P2_3=0;P2_2=0;break;
  18   2          case 5:
  19   2            P2_4=0;P2_3=1;P2_2=1;break;
  20   2          case 6:
  21   2            P2_4=0;P2_3=1;P2_2=0;break;
  22   2          case 7:
  23   2            P2_4=0;P2_3=0;P2_2=1;break;
  24   2          case 8:
  25   2            P2_4=0;P2_3=0;P2_2=0;break;
  26   2        }
  27   1        P0=NixieTable[Number];//数码管的状态，你想让他输出那个数字？
  28   1        //Delay(1);
  29   1        //P0=0x00;
  30   1        
  31   1      }


MODULE INFORMATION:   STATIC OVERLAYABLE
   CODE SIZE        =     99    ----
   CONSTANT SIZE    =   ----    ----
   XDATA SIZE       =   ----    ----
   PDATA SIZE       =   ----    ----
   DATA SIZE        =     13    ----
   IDATA SIZE       =   ----    ----
   BIT SIZE         =   ----    ----
END OF MODULE INFORMATION.


C51 COMPILATION COMPLETE.  0 WARNING(S),  0 ERROR(S)
