C51 COMPILER V9.54   TIMER0                                                                06/28/2023 17:47:12 PAGE 1   


C51 COMPILER V9.54, COMPILATION OF MODULE TIMER0
OBJECT MODULE PLACED IN .\Objects\Timer0.obj
COMPILER INVOKED BY: D:\keil5\C51\BIN\C51.EXE Timer0.c OPTIMIZE(8,SPEED) BROWSE DEBUG OBJECTEXTEND PRINT(.\Listings\Time
                    -r0.lst) TABS(2) OBJECT(.\Objects\Timer0.obj)

line level    source

   1          #include <REGX52.H>
   2          
   3          /**
   4            * @brief  定时器0初始化，100微秒@12.000MHZ
   5            * @param   无
   6            * @retval   无
   7            */
   8          void Timer0_Init(void)    //100微秒@12.000MHz
   9          {
  10   1        TMOD&= 0xF0;    //设置定时器模式
  11   1        TMOD|= 0x01;    //设置定时器模式
  12   1        TL0 = 0x9C;   //设置定时初值
  13   1        TH0 = 0xFF;   //设置定时初值
  14   1        TF0 = 0;    //清除TF0标志
  15   1        TR0 = 1;    //定时器0开始计时
  16   1        ET0=1;
  17   1        EA=1;
  18   1        PT0=0;
  19   1      }
  20          
  21          /*void Timer0_Routine() interrupt 1//中断函数
  22          {
  23            static unsigned int T0Count;
  24            TL0 = 0x9C;   //设置定时初值
  25            TH0 = 0xFF;   //设置定时初值
  26            T0Count++;
  27            if(T0Count>=1000)
  28            {
  29              T0Count=0;
  30              P2_0=~P2_0;
  31            }
  32          }*/


MODULE INFORMATION:   STATIC OVERLAYABLE
   CODE SIZE        =     23    ----
   CONSTANT SIZE    =   ----    ----
   XDATA SIZE       =   ----    ----
   PDATA SIZE       =   ----    ----
   DATA SIZE        =   ----    ----
   IDATA SIZE       =   ----    ----
   BIT SIZE         =   ----    ----
END OF MODULE INFORMATION.


C51 COMPILATION COMPLETE.  0 WARNING(S),  0 ERROR(S)
