C51 COMPILER V9.54   MAIN                                                                  06/22/2023 17:18:07 PAGE 1   


C51 COMPILER V9.54, COMPILATION OF MODULE MAIN
OBJECT MODULE PLACED IN .\Objects\main.obj
COMPILER INVOKED BY: D:\keil5\C51\BIN\C51.EXE main.c OPTIMIZE(8,SPEED) BROWSE DEBUG OBJECTEXTEND PRINT(.\Listings\main.l
                    -st) TABS(2) OBJECT(.\Objects\main.obj)

line level    source

   1          #include <REGX52.H>
   2          #include "Delay.h"
   3          #include "MatrixLED.h"
   4          
   5          unsigned char Animation[]={
   6            
   7          0x00,0x00,0x00,0x00,0x00,0x00,0x00,0x00,
   8          0xFF,0x08,0x08,0x08,0xFF,0x00,0x0E,0x15,
   9          0x15,0x15,0x08,0x00,0x7E,0x01,0x02,0x00,
  10          0x7E,0x01,0x02,0x00,0x0E,0x11,0x11,0x0E,
  11          0x00,0x7D,0x00,0x00,0x00,0x00,0x00,0x00
  12          };
  13          
  14          void main()
  15          {
  16   1        unsigned char i,offset=1,count=0;
  17   1        
  18   1        MatrixLED_Init();
  19   1        while(1)
  20   1        {
  21   2          for(i=0;i<8;i++)
  22   2          {
  23   3            MatrixLED_ShowColumn(i,Animation[i+offset]);
  24   3          }
  25   2          count++;
  26   2          if(count>10)
  27   2          {
  28   3            count=0;
  29   3            offset++;
  30   3            if(offset>24)
  31   3            {
  32   4              offset=0;
  33   4            }
  34   3          } 
  35   2        }
  36   1        
  37   1        
  38   1      }


MODULE INFORMATION:   STATIC OVERLAYABLE
   CODE SIZE        =     63    ----
   CONSTANT SIZE    =   ----    ----
   XDATA SIZE       =   ----    ----
   PDATA SIZE       =   ----    ----
   DATA SIZE        =     40       3
   IDATA SIZE       =   ----    ----
   BIT SIZE         =   ----    ----
END OF MODULE INFORMATION.


C51 COMPILATION COMPLETE.  0 WARNING(S),  0 ERROR(S)
