C51 COMPILER V9.54   MAIN                                                                  06/28/2023 12:34:51 PAGE 1   


C51 COMPILER V9.54, COMPILATION OF MODULE MAIN
OBJECT MODULE PLACED IN .\Objects\main.obj
COMPILER INVOKED BY: D:\keil5\C51\BIN\C51.EXE main.c OPTIMIZE(8,SPEED) BROWSE DEBUG OBJECTEXTEND PRINT(.\Listings\main.l
                    -st) TABS(2) OBJECT(.\Objects\main.obj)

line level    source

   1          #include <REGX52.H>
   2          #include "LCD1602.h"
   3          #include "Delay.h"
   4          
   5          
   6          void main()
   7          {
   8   1        LCD_Init();
   9   1        LCD_ShowChar(1,1,0xF0);
  10   1        LCD_ShowString(2,2,"HELLO WORLD");
  11   1        LCD_ShowSignedNum(1,5,-88,2);
  12   1        LCD_ShowHexNum(1,8,0xA5,2);
  13   1        
  14   1        LCD_ShowString(1,16,"Welcome to China!");//已经超过LCD范围，但是没超过40
  15   1        while(1)
  16   1        {
  17   2          LCD_WriteCommand(0x18);//发送指令，进行流动字幕
  18   2          Delay(500);
  19   2      
  20   2          
  21   2          
  22   2        }
  23   1        
  24   1      }


MODULE INFORMATION:   STATIC OVERLAYABLE
   CODE SIZE        =     80    ----
   CONSTANT SIZE    =     30    ----
   XDATA SIZE       =   ----    ----
   PDATA SIZE       =   ----    ----
   DATA SIZE        =   ----    ----
   IDATA SIZE       =   ----    ----
   BIT SIZE         =   ----    ----
END OF MODULE INFORMATION.


C51 COMPILATION COMPLETE.  0 WARNING(S),  0 ERROR(S)
