C51 COMPILER V9.54   MAIN                                                                  06/26/2023 11:03:23 PAGE 1   


C51 COMPILER V9.54, COMPILATION OF MODULE MAIN
OBJECT MODULE PLACED IN .\Objects\main.obj
COMPILER INVOKED BY: D:\keil5\C51\BIN\C51.EXE main.c OPTIMIZE(8,SPEED) BROWSE DEBUG OBJECTEXTEND PRINT(.\Listings\main.l
                    -st) TABS(2) OBJECT(.\Objects\main.obj)

line level    source

   1          #include <REGX52.H>
   2          #include "Delay.h"
   3          #include "LCD1602.h"
   4          #include "Key.h"
   5          #include "AT24C02.h"
   6          
   7          unsigned char KeyNum;
   8          unsigned int Num;
   9          void main()
  10          {
  11   1        LCD_Init();
  12   1        LCD_ShowNum(1,1,Num,5);
  13   1      //  AT24C02_WriteByte(1,47);
  14   1      //  Delay(5);
  15   1      //  Data=AT24C02_ReadByte(1);
  16   1      //  LCD_ShowNum(2,1,Data,3);
  17   1        while(1)
  18   1        {
  19   2          KeyNum=Key();
  20   2          if(KeyNum==1)
  21   2          {
  22   3            Num++;
  23   3            LCD_ShowNum(1,1,Num,5);
  24   3          }
  25   2          if(KeyNum==2)
  26   2          {
  27   3            Num--;
  28   3            LCD_ShowNum(1,1,Num,5);
  29   3          }
  30   2          if(KeyNum==3)
  31   2          {
  32   3            AT24C02_WriteByte(0,Num%256);
  33   3            Delay(5);
  34   3            AT24C02_WriteByte(1,Num/256);
  35   3            Delay(5);
  36   3            LCD_ShowString(2,1,"Write OK");
  37   3            Delay(1000);
  38   3            LCD_ShowString(2,1,"        ");
  39   3          }
  40   2          if(KeyNum==4)
  41   2          {
  42   3            Num=AT24C02_ReadByte(0);
  43   3            Num|=AT24C02_ReadByte(1)<<8;
  44   3            LCD_ShowNum(1,1,Num,5);
  45   3            LCD_ShowString(2,1,"Read OK");
  46   3            Delay(1000);
  47   3            LCD_ShowString(2,1,"       ");
  48   3          }
  49   2          
  50   2        }
  51   1        
  52   1        
  53   1        
  54   1      }
C51 COMPILER V9.54   MAIN                                                                  06/26/2023 11:03:23 PAGE 2   



MODULE INFORMATION:   STATIC OVERLAYABLE
   CODE SIZE        =    223    ----
   CONSTANT SIZE    =     34    ----
   XDATA SIZE       =   ----    ----
   PDATA SIZE       =   ----    ----
   DATA SIZE        =      3    ----
   IDATA SIZE       =   ----    ----
   BIT SIZE         =   ----    ----
END OF MODULE INFORMATION.


C51 COMPILATION COMPLETE.  0 WARNING(S),  0 ERROR(S)
